Prefetching SRR2015656...
2026-04-27T15:08:56 prefetch.3.2.0: 1) Resolving 'SRR2015656'...
2026-04-27T15:08:56 prefetch.3.2.0: Current preference is set to retrieve SRA Normalized Format files with full base quality scores
2026-04-27T15:08:56 prefetch.3.2.0: 1) Downloading 'SRR2015656'...
2026-04-27T15:08:56 prefetch.3.2.0:  SRA Normalized Format file is being retrieved
2026-04-27T15:08:56 prefetch.3.2.0:  Downloading via HTTPS...
2026-04-27T15:09:11 prefetch.3.2.0:  HTTPS download succeed
2026-04-27T15:09:13 prefetch.3.2.0:  'SRR2015656' is valid: 560375097 bytes were streamed from 560366479
2026-04-27T15:09:13 prefetch.3.2.0: 1) 'SRR2015656' was downloaded successfully
2026-04-27T15:09:13 prefetch.3.2.0: 1) Resolving 'SRR2015656's dependencies...
2026-04-27T15:09:13 prefetch.3.2.0: 'SRR2015656' has 0 unresolved dependencies
Dumping SRR2015656...
Read 4486042 spots for SRR2015656
Written 4486042 spots for SRR2015656
Done SRR2015656
Prefetching SRR2015657...
2026-04-27T15:16:35 prefetch.3.2.0: 1) Resolving 'SRR2015657'...
2026-04-27T15:16:35 prefetch.3.2.0: Current preference is set to retrieve SRA Normalized Format files with full base quality scores
2026-04-27T15:16:35 prefetch.3.2.0: 1) Downloading 'SRR2015657'...
2026-04-27T15:16:35 prefetch.3.2.0:  SRA Normalized Format file is being retrieved
2026-04-27T15:16:35 prefetch.3.2.0:  Downloading via HTTPS...
2026-04-27T15:16:51 prefetch.3.2.0:  HTTPS download succeed
2026-04-27T15:16:54 prefetch.3.2.0:  'SRR2015657' is valid: 555076320 bytes were streamed from 555065499
2026-04-27T15:16:54 prefetch.3.2.0: 1) 'SRR2015657' was downloaded successfully
2026-04-27T15:16:54 prefetch.3.2.0: 1) Resolving 'SRR2015657's dependencies...
2026-04-27T15:16:54 prefetch.3.2.0: 'SRR2015657' has 0 unresolved dependencies
Dumping SRR2015657...
Read 4225565 spots for SRR2015657
Written 4225565 spots for SRR2015657
Done SRR2015657
Prefetching SRR2015658...
2026-04-27T15:24:10 prefetch.3.2.0: 1) Resolving 'SRR2015658'...
2026-04-27T15:24:10 prefetch.3.2.0: Current preference is set to retrieve SRA Normalized Format files with full base quality scores
2026-04-27T15:24:10 prefetch.3.2.0: 1) Downloading 'SRR2015658'...
2026-04-27T15:24:10 prefetch.3.2.0:  SRA Normalized Format file is being retrieved
2026-04-27T15:24:10 prefetch.3.2.0:  Downloading via HTTPS...
2026-04-27T15:24:28 prefetch.3.2.0:  HTTPS download succeed
2026-04-27T15:24:30 prefetch.3.2.0:  'SRR2015658' is valid: 594750961 bytes were streamed from 594746479
2026-04-27T15:24:30 prefetch.3.2.0: 1) 'SRR2015658' was downloaded successfully
2026-04-27T15:24:30 prefetch.3.2.0: 1) Resolving 'SRR2015658's dependencies...
2026-04-27T15:24:30 prefetch.3.2.0: 'SRR2015658' has 0 unresolved dependencies
Dumping SRR2015658...
Read 4543615 spots for SRR2015658
Written 4543615 spots for SRR2015658
Done SRR2015658
Prefetching SRR2015659...
2026-04-27T15:32:20 prefetch.3.2.0: 1) Resolving 'SRR2015659'...
2026-04-27T15:32:20 prefetch.3.2.0: Current preference is set to retrieve SRA Normalized Format files with full base quality scores
2026-04-27T15:32:20 prefetch.3.2.0: 1) Downloading 'SRR2015659'...
2026-04-27T15:32:20 prefetch.3.2.0:  SRA Normalized Format file is being retrieved
2026-04-27T15:32:20 prefetch.3.2.0:  Downloading via HTTPS...
2026-04-27T15:32:33 prefetch.3.2.0:  HTTPS download succeed
2026-04-27T15:32:35 prefetch.3.2.0:  'SRR2015659' is valid: 467852235 bytes were streamed from 467837499
2026-04-27T15:32:35 prefetch.3.2.0: 1) 'SRR2015659' was downloaded successfully
2026-04-27T15:32:35 prefetch.3.2.0: 1) Resolving 'SRR2015659's dependencies...
2026-04-27T15:32:35 prefetch.3.2.0: 'SRR2015659' has 0 unresolved dependencies
Dumping SRR2015659...
Read 3538948 spots for SRR2015659
Written 3538948 spots for SRR2015659
Done SRR2015659
All done!
