
 N E X T F L O W   ~  version 25.10.4

Launching `main.nf` [distracted_ptolemy] DSL2 - revision: 4be009970e

[-        ] FASTQC_RAW     -
[-        ] FASTP          -
[-        ] FASTQC_TRIMMED -
[-        ] HISAT2         -
[-        ] FEATURECOUNTS  -
[-        ] MULTIQC        -

[-        ] FASTQC_RAW     | 0 of 4
[-        ] FASTP          | 0 of 4
[-        ] FASTQC_TRIMMED -
[-        ] HISAT2         -
[-        ] FEATURECOUNTS  -
[-        ] MULTIQC        -

executor >  slurm (2)
[7a/500d72] FASTQC_RAW (PD_1) | 0 of 4
[58/2fb2e7] FASTP (PD_2)      | 0 of 4
[-        ] FASTQC_TRIMMED    -
[-        ] HISAT2            -
[-        ] FEATURECOUNTS     -
[-        ] MULTIQC           -

executor >  slurm (3)
[7a/500d72] FASTQC_RAW (PD_1) | 0 of 4
[1f/8ed3a7] FASTP (PD_1)      | 0 of 4
[-        ] FASTQC_TRIMMED    -
[-        ] HISAT2            -
[-        ] FEATURECOUNTS     -
[-        ] MULTIQC           -

executor >  slurm (4)
[68/b8f99f] FASTQC_RAW (PD_2) | 0 of 4
[1f/8ed3a7] FASTP (PD_1)      | 0 of 4
[-        ] FASTQC_TRIMMED    -
[-        ] HISAT2            -
[-        ] FEATURECOUNTS     -
[-        ] MULTIQC           -

executor >  slurm (6)
[dd/4992dd] FASTQC_RAW (CTRL_2) | 0 of 4
[23/a7d910] FASTP (CTRL_1)      | 0 of 4
[-        ] FASTQC_TRIMMED      -
[-        ] HISAT2              -
[-        ] FEATURECOUNTS       -
[-        ] MULTIQC             -

executor >  slurm (8)
[6f/2efe05] FASTQC_RAW (CTRL_1) | 0 of 4
[f6/9010ba] FASTP (CTRL_2)      | 0 of 4
[-        ] FASTQC_TRIMMED      -
[-        ] HISAT2              -
[-        ] FEATURECOUNTS       -
[-        ] MULTIQC             -

executor >  slurm (8)
[6f/2efe05] FASTQC_RAW (CTRL_1) | 0 of 4
[f6/9010ba] FASTP (CTRL_2)      | 0 of 4
[-        ] FASTQC_TRIMMED      -
[-        ] HISAT2              -
[-        ] FEATURECOUNTS       -
[-        ] MULTIQC             -

executor >  slurm (8)
[6f/2efe05] FASTQC_RAW (CTRL_1) | 0 of 4
[f6/9010ba] FASTP (CTRL_2)      | 0 of 4
[-        ] FASTQC_TRIMMED      -
[-        ] HISAT2              -
[-        ] FEATURECOUNTS       -
[-        ] MULTIQC             -

executor >  slurm (8)
[6f/2efe05] FASTQC_RAW (CTRL_1) | 0 of 4
[f6/9010ba] FASTP (CTRL_2)      | 0 of 4
[-        ] FASTQC_TRIMMED      -
[-        ] HISAT2              -
[-        ] FEATURECOUNTS       -
[-        ] MULTIQC             -

executor >  slurm (8)
[6f/2efe05] FASTQC_RAW (CTRL_1) | 0 of 4
[58/2fb2e7] FASTP (PD_2)        | 2 of 4
[-        ] FASTQC_TRIMMED      | 0 of 3
[-        ] HISAT2              | 0 of 3
[-        ] FEATURECOUNTS       -
[-        ] MULTIQC             -

executor >  slurm (9)
[6f/2efe05] FASTQC_RAW (CTRL_1)   | 0 of 4
[1f/8ed3a7] FASTP (PD_1)          | 3 of 4
[cc/62887b] FASTQC_TRIMMED (PD_1) | 0 of 3
[-        ] HISAT2                | 0 of 3
[-        ] FEATURECOUNTS         -
[-        ] MULTIQC               -

executor >  slurm (10)
[6f/2efe05] FASTQC_RAW (CTRL_1)   | 0 of 4
[1f/8ed3a7] FASTP (PD_1)          | 3 of 4
[4d/25f22d] FASTQC_TRIMMED (PD_2) | 0 of 3
[-        ] HISAT2                | 0 of 3
[-        ] FEATURECOUNTS         -
[-        ] MULTIQC               -

executor >  slurm (11)
[6f/2efe05] FASTQC_RAW (CTRL_1)   | 0 of 4
[1f/8ed3a7] FASTP (PD_1)          | 3 of 4
[4d/25f22d] FASTQC_TRIMMED (PD_2) | 0 of 3
[-        ] HISAT2                | 0 of 3
[-        ] FEATURECOUNTS         -
[-        ] MULTIQC               -

executor >  slurm (11)
[6f/2efe05] FASTQC_RAW (CTRL_1)     | 0 of 4
[1f/8ed3a7] FASTP (PD_1)            | 3 of 4
[92/bee94d] FASTQC_TRIMMED (CTRL_1) | 0 of 3
[-        ] HISAT2                  | 0 of 3
[-        ] FEATURECOUNTS           -
[-        ] MULTIQC                 -

executor >  slurm (12)
[6f/2efe05] FASTQC_RAW (CTRL_1)     | 0 of 4
[1f/8ed3a7] FASTP (PD_1)            | 3 of 4
[92/bee94d] FASTQC_TRIMMED (CTRL_1) | 0 of 3
[fa/b34f57] HISAT2 (PD_1)           | 0 of 3
[-        ] FEATURECOUNTS           -
[-        ] MULTIQC                 -

executor >  slurm (13)
[6f/2efe05] FASTQC_RAW (CTRL_1)     | 0 of 4
[1f/8ed3a7] FASTP (PD_1)            | 3 of 4
[92/bee94d] FASTQC_TRIMMED (CTRL_1) | 0 of 3
[a5/4ff80d] HISAT2 (PD_2)           | 0 of 3
[-        ] FEATURECOUNTS           -
[-        ] MULTIQC                 -

executor >  slurm (14)
[6f/2efe05] FASTQC_RAW (CTRL_1)     | 0 of 4
[1f/8ed3a7] FASTP (PD_1)            | 3 of 4
[92/bee94d] FASTQC_TRIMMED (CTRL_1) | 0 of 3
[87/ae3e29] HISAT2 (CTRL_1)         | 0 of 3
[-        ] FEATURECOUNTS           -
[-        ] MULTIQC                 -

executor >  slurm (14)
[6f/2efe05] FASTQC_RAW (CTRL_1)     | 0 of 4
[1f/8ed3a7] FASTP (PD_1)            | 3 of 4
[92/bee94d] FASTQC_TRIMMED (CTRL_1) | 0 of 3
[87/ae3e29] HISAT2 (CTRL_1)         | 0 of 3
[-        ] FEATURECOUNTS           -
[-        ] MULTIQC                 -

executor >  slurm (14)
[dd/4992dd] FASTQC_RAW (CTRL_2)     | 1 of 4
[1f/8ed3a7] FASTP (PD_1)            | 3 of 4
[92/bee94d] FASTQC_TRIMMED (CTRL_1) | 0 of 3
[87/ae3e29] HISAT2 (CTRL_1)         | 0 of 3
[-        ] FEATURECOUNTS           -
[-        ] MULTIQC                 -

executor >  slurm (14)
[7a/500d72] FASTQC_RAW (PD_1)       | 2 of 4
[1f/8ed3a7] FASTP (PD_1)            | 3 of 4
[92/bee94d] FASTQC_TRIMMED (CTRL_1) | 0 of 3
[87/ae3e29] HISAT2 (CTRL_1)         | 0 of 3
[-        ] FEATURECOUNTS           -
[-        ] MULTIQC                 -

executor >  slurm (14)
[7a/500d72] FASTQC_RAW (PD_1)       | 2 of 4
[1f/8ed3a7] FASTP (PD_1)            | 3 of 4
[92/bee94d] FASTQC_TRIMMED (CTRL_1) | 0 of 3
[87/ae3e29] HISAT2 (CTRL_1)         | 0 of 3
[-        ] FEATURECOUNTS           -
[-        ] MULTIQC                 -

executor >  slurm (14)
[68/b8f99f] FASTQC_RAW (PD_2)       | 4 of 4 ✔
[1f/8ed3a7] FASTP (PD_1)            | 3 of 4
[92/bee94d] FASTQC_TRIMMED (CTRL_1) | 0 of 3
[87/ae3e29] HISAT2 (CTRL_1)         | 0 of 3
[-        ] FEATURECOUNTS           -
[-        ] MULTIQC                 -

executor >  slurm (15)
[68/b8f99f] FASTQC_RAW (PD_2)     | 4 of 4 ✔
[f6/9010ba] FASTP (CTRL_2)        | 4 of 4 ✔
[4d/25f22d] FASTQC_TRIMMED (PD_2) | 2 of 4
[46/2a6bcf] HISAT2 (CTRL_2)       | 0 of 4
[-        ] FEATURECOUNTS         -
[-        ] MULTIQC               -

executor >  slurm (16)
[68/b8f99f] FASTQC_RAW (PD_2)       | 4 of 4 ✔
[f6/9010ba] FASTP (CTRL_2)          | 4 of 4 ✔
[81/a0bac8] FASTQC_TRIMMED (CTRL_2) | 2 of 4
[46/2a6bcf] HISAT2 (CTRL_2)         | 0 of 4
[-        ] FEATURECOUNTS           -
[-        ] MULTIQC                 -

executor >  slurm (16)
[68/b8f99f] FASTQC_RAW (PD_2)       | 4 of 4 ✔
[f6/9010ba] FASTP (CTRL_2)          | 4 of 4 ✔
[81/a0bac8] FASTQC_TRIMMED (CTRL_2) | 2 of 4
[46/2a6bcf] HISAT2 (CTRL_2)         | 0 of 4
[-        ] FEATURECOUNTS           -
[-        ] MULTIQC                 -

executor >  slurm (16)
[68/b8f99f] FASTQC_RAW (PD_2)       | 4 of 4 ✔
[f6/9010ba] FASTP (CTRL_2)          | 4 of 4 ✔
[92/bee94d] FASTQC_TRIMMED (CTRL_1) | 3 of 4
[46/2a6bcf] HISAT2 (CTRL_2)         | 0 of 4
[-        ] FEATURECOUNTS           -
[-        ] MULTIQC                 -

executor >  slurm (16)
[68/b8f99f] FASTQC_RAW (PD_2)       | 4 of 4 ✔
[f6/9010ba] FASTP (CTRL_2)          | 4 of 4 ✔
[81/a0bac8] FASTQC_TRIMMED (CTRL_2) | 4 of 4 ✔
[46/2a6bcf] HISAT2 (CTRL_2)         | 0 of 4
[-        ] FEATURECOUNTS           -
[-        ] MULTIQC                 | 0 of 1

executor >  slurm (17)
[68/b8f99f] FASTQC_RAW (PD_2)       | 4 of 4 ✔
[f6/9010ba] FASTP (CTRL_2)          | 4 of 4 ✔
[81/a0bac8] FASTQC_TRIMMED (CTRL_2) | 4 of 4 ✔
[46/2a6bcf] HISAT2 (CTRL_2)         | 0 of 4
[-        ] FEATURECOUNTS           -
[43/7a7a28] MULTIQC                 | 0 of 1

executor >  slurm (17)
[68/b8f99f] FASTQC_RAW (PD_2)       | 4 of 4 ✔
[f6/9010ba] FASTP (CTRL_2)          | 4 of 4 ✔
[81/a0bac8] FASTQC_TRIMMED (CTRL_2) | 4 of 4 ✔
[46/2a6bcf] HISAT2 (CTRL_2)         | 0 of 4
[-        ] FEATURECOUNTS           -
[43/7a7a28] MULTIQC                 | 0 of 1

executor >  slurm (17)
[68/b8f99f] FASTQC_RAW (PD_2)       | 4 of 4 ✔
[f6/9010ba] FASTP (CTRL_2)          | 4 of 4 ✔
[81/a0bac8] FASTQC_TRIMMED (CTRL_2) | 4 of 4 ✔
[fa/b34f57] HISAT2 (PD_1)           | 1 of 4
[-        ] FEATURECOUNTS           | 0 of 1
[43/7a7a28] MULTIQC                 | 0 of 1

executor >  slurm (18)
[68/b8f99f] FASTQC_RAW (PD_2)       | 4 of 4 ✔
[f6/9010ba] FASTP (CTRL_2)          | 4 of 4 ✔
[81/a0bac8] FASTQC_TRIMMED (CTRL_2) | 4 of 4 ✔
[fa/b34f57] HISAT2 (PD_1)           | 1 of 4
[9a/0528e8] FEATURECOUNTS (PD_1)    | 0 of 1
[43/7a7a28] MULTIQC                 | 0 of 1

executor >  slurm (19)
[68/b8f99f] FASTQC_RAW (PD_2)       | 4 of 4 ✔
[f6/9010ba] FASTP (CTRL_2)          | 4 of 4 ✔
[81/a0bac8] FASTQC_TRIMMED (CTRL_2) | 4 of 4 ✔
[a5/4ff80d] HISAT2 (PD_2)           | 2 of 4
[8b/8ff17a] FEATURECOUNTS (PD_2)    | 0 of 2
[43/7a7a28] MULTIQC                 | 0 of 1

executor >  slurm (19)
[68/b8f99f] FASTQC_RAW (PD_2)       | 4 of 4 ✔
[f6/9010ba] FASTP (CTRL_2)          | 4 of 4 ✔
[81/a0bac8] FASTQC_TRIMMED (CTRL_2) | 4 of 4 ✔
[a5/4ff80d] HISAT2 (PD_2)           | 2 of 4
[8b/8ff17a] FEATURECOUNTS (PD_2)    | 0 of 2
[43/7a7a28] MULTIQC                 | 1 of 1 ✔

executor >  slurm (19)
[68/b8f99f] FASTQC_RAW (PD_2)       | 4 of 4 ✔
[f6/9010ba] FASTP (CTRL_2)          | 4 of 4 ✔
[81/a0bac8] FASTQC_TRIMMED (CTRL_2) | 4 of 4 ✔
[87/ae3e29] HISAT2 (CTRL_1)         | 3 of 4
[8b/8ff17a] FEATURECOUNTS (PD_2)    | 0 of 3
[43/7a7a28] MULTIQC                 | 1 of 1 ✔

executor >  slurm (20)
[68/b8f99f] FASTQC_RAW (PD_2)       | 4 of 4 ✔
[f6/9010ba] FASTP (CTRL_2)          | 4 of 4 ✔
[81/a0bac8] FASTQC_TRIMMED (CTRL_2) | 4 of 4 ✔
[87/ae3e29] HISAT2 (CTRL_1)         | 3 of 4
[44/1a2afb] FEATURECOUNTS (CTRL_1)  | 0 of 3
[43/7a7a28] MULTIQC                 | 1 of 1 ✔

executor >  slurm (20)
[68/b8f99f] FASTQC_RAW (PD_2)       | 4 of 4 ✔
[f6/9010ba] FASTP (CTRL_2)          | 4 of 4 ✔
[81/a0bac8] FASTQC_TRIMMED (CTRL_2) | 4 of 4 ✔
[46/2a6bcf] HISAT2 (CTRL_2)         | 4 of 4 ✔
[44/1a2afb] FEATURECOUNTS (CTRL_1)  | 0 of 4
[43/7a7a28] MULTIQC                 | 1 of 1 ✔

executor >  slurm (21)
[68/b8f99f] FASTQC_RAW (PD_2)       | 4 of 4 ✔
[f6/9010ba] FASTP (CTRL_2)          | 4 of 4 ✔
[81/a0bac8] FASTQC_TRIMMED (CTRL_2) | 4 of 4 ✔
[46/2a6bcf] HISAT2 (CTRL_2)         | 4 of 4 ✔
[8b/ffc083] FEATURECOUNTS (CTRL_2)  | 0 of 4
[43/7a7a28] MULTIQC                 | 1 of 1 ✔

executor >  slurm (21)
[68/b8f99f] FASTQC_RAW (PD_2)       | 4 of 4 ✔
[f6/9010ba] FASTP (CTRL_2)          | 4 of 4 ✔
[81/a0bac8] FASTQC_TRIMMED (CTRL_2) | 4 of 4 ✔
[46/2a6bcf] HISAT2 (CTRL_2)         | 4 of 4 ✔
[9a/0528e8] FEATURECOUNTS (PD_1)    | 1 of 4
[43/7a7a28] MULTIQC                 | 1 of 1 ✔

executor >  slurm (21)
[68/b8f99f] FASTQC_RAW (PD_2)       | 4 of 4 ✔
[f6/9010ba] FASTP (CTRL_2)          | 4 of 4 ✔
[81/a0bac8] FASTQC_TRIMMED (CTRL_2) | 4 of 4 ✔
[46/2a6bcf] HISAT2 (CTRL_2)         | 4 of 4 ✔
[9a/0528e8] FEATURECOUNTS (PD_1)    | 1 of 4
[43/7a7a28] MULTIQC                 | 1 of 1 ✔

executor >  slurm (21)
[68/b8f99f] FASTQC_RAW (PD_2)       | 4 of 4 ✔
[f6/9010ba] FASTP (CTRL_2)          | 4 of 4 ✔
[81/a0bac8] FASTQC_TRIMMED (CTRL_2) | 4 of 4 ✔
[46/2a6bcf] HISAT2 (CTRL_2)         | 4 of 4 ✔
[8b/ffc083] FEATURECOUNTS (CTRL_2)  | 4 of 4 ✔
[43/7a7a28] MULTIQC                 | 1 of 1 ✔

executor >  slurm (21)
[68/b8f99f] FASTQC_RAW (PD_2)       | 4 of 4 ✔
[f6/9010ba] FASTP (CTRL_2)          | 4 of 4 ✔
[81/a0bac8] FASTQC_TRIMMED (CTRL_2) | 4 of 4 ✔
[46/2a6bcf] HISAT2 (CTRL_2)         | 4 of 4 ✔
[8b/ffc083] FEATURECOUNTS (CTRL_2)  | 4 of 4 ✔
[43/7a7a28] MULTIQC                 | 1 of 1 ✔
Completed at: 27-Apr-2026 09:24:37
Duration    : 6m 42s
CPU hours   : 1.9
Succeeded   : 21


