
 N E X T F L O W   ~  version 25.10.4

Launching `main.nf` [stupefied_lamarr] DSL2 - revision: 4be009970e

[-        ] FASTQC_RAW     -
[-        ] FASTP          -
[-        ] FASTQC_TRIMMED -
[-        ] HISAT2         -
[-        ] FEATURECOUNTS  -
[-        ] MULTIQC        -

[-        ] FASTQC_RAW     | 0 of 4
[-        ] FASTP          | 0 of 4
[-        ] FASTQC_TRIMMED -
[-        ] HISAT2         -
[-        ] FEATURECOUNTS  -
[-        ] MULTIQC        -

executor >  slurm (1)
[-        ] FASTQC_RAW     | 0 of 4
[b4/f94c7c] FASTP (PD_2)   | 0 of 4
[-        ] FASTQC_TRIMMED -
[-        ] HISAT2         -
[-        ] FEATURECOUNTS  -
[-        ] MULTIQC        -

executor >  slurm (3)
[c8/079a23] FASTQC_RAW (PD_1) | 0 of 4
[dd/090adb] FASTP (PD_1)      | 0 of 4
[-        ] FASTQC_TRIMMED    -
[-        ] HISAT2            -
[-        ] FEATURECOUNTS     -
[-        ] MULTIQC           -

executor >  slurm (4)
[1c/29c4ed] FASTQC_RAW (PD_2) | 0 of 4
[dd/090adb] FASTP (PD_1)      | 0 of 4
[-        ] FASTQC_TRIMMED    -
[-        ] HISAT2            -
[-        ] FEATURECOUNTS     -
[-        ] MULTIQC           -

executor >  slurm (5)
[69/393498] FASTQC_RAW (CTRL_1) | 0 of 4
[dd/090adb] FASTP (PD_1)        | 0 of 4
[-        ] FASTQC_TRIMMED      -
[-        ] HISAT2              -
[-        ] FEATURECOUNTS       -
[-        ] MULTIQC             -

executor >  slurm (7)
[28/b6f6d7] FASTQC_RAW (CTRL_2) | 0 of 4
[dd/090adb] FASTP (PD_1)        | 0 of 4
[-        ] FASTQC_TRIMMED      -
[-        ] HISAT2              -
[-        ] FEATURECOUNTS       -
[-        ] MULTIQC             -

executor >  slurm (8)
[28/b6f6d7] FASTQC_RAW (CTRL_2) | 0 of 4
[4c/214959] FASTP (CTRL_2)      | 0 of 4
[-        ] FASTQC_TRIMMED      -
[-        ] HISAT2              -
[-        ] FEATURECOUNTS       -
[-        ] MULTIQC             -

executor >  slurm (8)
[28/b6f6d7] FASTQC_RAW (CTRL_2) | 0 of 4
[4c/214959] FASTP (CTRL_2)      | 0 of 4
[-        ] FASTQC_TRIMMED      -
[-        ] HISAT2              -
[-        ] FEATURECOUNTS       -
[-        ] MULTIQC             -

executor >  slurm (8)
[28/b6f6d7] FASTQC_RAW (CTRL_2) | 0 of 4
[4c/214959] FASTP (CTRL_2)      | 0 of 4
[-        ] FASTQC_TRIMMED      | 0 of 3
[-        ] HISAT2              | 0 of 1
[-        ] FEATURECOUNTS       -
[-        ] MULTIQC             -

executor >  slurm (9)
[69/393498] FASTQC_RAW (CTRL_1) | 4 of 4 ✔
[b4/f94c7c] FASTP (PD_2)        | 4 of 4 ✔
[-        ] FASTQC_TRIMMED      | 0 of 4
[ce/8a9257] HISAT2 (PD_1)       | 0 of 4
[-        ] FEATURECOUNTS       -
[-        ] MULTIQC             -

executor >  slurm (10)
[69/393498] FASTQC_RAW (CTRL_1)   | 4 of 4 ✔
[b4/f94c7c] FASTP (PD_2)          | 4 of 4 ✔
[89/3f5fd1] FASTQC_TRIMMED (PD_2) | 0 of 4
[ce/8a9257] HISAT2 (PD_1)         | 0 of 4
[-        ] FEATURECOUNTS         -
[-        ] MULTIQC               -

executor >  slurm (11)
[69/393498] FASTQC_RAW (CTRL_1)   | 4 of 4 ✔
[b4/f94c7c] FASTP (PD_2)          | 4 of 4 ✔
[2a/d1a908] FASTQC_TRIMMED (PD_1) | 0 of 4
[ce/8a9257] HISAT2 (PD_1)         | 0 of 4
[-        ] FEATURECOUNTS         -
[-        ] MULTIQC               -

executor >  slurm (12)
[69/393498] FASTQC_RAW (CTRL_1)     | 4 of 4 ✔
[b4/f94c7c] FASTP (PD_2)            | 4 of 4 ✔
[11/266582] FASTQC_TRIMMED (CTRL_1) | 0 of 4
[ce/8a9257] HISAT2 (PD_1)           | 0 of 4
[-        ] FEATURECOUNTS           -
[-        ] MULTIQC                 -

executor >  slurm (13)
[69/393498] FASTQC_RAW (CTRL_1)     | 4 of 4 ✔
[b4/f94c7c] FASTP (PD_2)            | 4 of 4 ✔
[11/266582] FASTQC_TRIMMED (CTRL_1) | 0 of 4
[7f/6c1bec] HISAT2 (CTRL_1)         | 0 of 4
[-        ] FEATURECOUNTS           -
[-        ] MULTIQC                 -

executor >  slurm (14)
[69/393498] FASTQC_RAW (CTRL_1)     | 4 of 4 ✔
[b4/f94c7c] FASTP (PD_2)            | 4 of 4 ✔
[11/266582] FASTQC_TRIMMED (CTRL_1) | 0 of 4
[17/8895d9] HISAT2 (CTRL_2)         | 0 of 4
[-        ] FEATURECOUNTS           -
[-        ] MULTIQC                 -

executor >  slurm (15)
[69/393498] FASTQC_RAW (CTRL_1)     | 4 of 4 ✔
[b4/f94c7c] FASTP (PD_2)            | 4 of 4 ✔
[11/266582] FASTQC_TRIMMED (CTRL_1) | 0 of 4
[b2/1ba417] HISAT2 (PD_2)           | 0 of 4
[-        ] FEATURECOUNTS           -
[-        ] MULTIQC                 -

executor >  slurm (16)
[69/393498] FASTQC_RAW (CTRL_1)     | 4 of 4 ✔
[b4/f94c7c] FASTP (PD_2)            | 4 of 4 ✔
[a9/4cfa84] FASTQC_TRIMMED (CTRL_2) | 0 of 4
[b2/1ba417] HISAT2 (PD_2)           | 0 of 4
[-        ] FEATURECOUNTS           -
[-        ] MULTIQC                 -

executor >  slurm (16)
[69/393498] FASTQC_RAW (CTRL_1)     | 4 of 4 ✔
[b4/f94c7c] FASTP (PD_2)            | 4 of 4 ✔
[a9/4cfa84] FASTQC_TRIMMED (CTRL_2) | 0 of 4
[b2/1ba417] HISAT2 (PD_2)           | 0 of 4
[-        ] FEATURECOUNTS           -
[-        ] MULTIQC                 -

executor >  slurm (16)
[69/393498] FASTQC_RAW (CTRL_1)     | 4 of 4 ✔
[b4/f94c7c] FASTP (PD_2)            | 4 of 4 ✔
[a9/4cfa84] FASTQC_TRIMMED (CTRL_2) | 4 of 4 ✔
[b2/1ba417] HISAT2 (PD_2)           | 0 of 4
[-        ] FEATURECOUNTS           -
[-        ] MULTIQC                 | 0 of 1
ERROR ~ Error executing process > 'HISAT2 (CTRL_1)'

Caused by:
  Process `HISAT2 (CTRL_1)` terminated with an error exit status (17)


Command executed:

  hisat2 -x grch38/genome            -U CTRL_1.trimmed.fastq.gz            --threads 4            --dta            -S CTRL_1.sam
  
  samtools sort -o CTRL_1.bam CTRL_1.sam
  samtools index CTRL_1.bam

Command exit status:
  17

Command output:
  (empty)

Command error:
  INFO:    Environment variable SINGULARITYENV_TMPDIR is set, but APPTAINERENV_TMPDIR is preferred
  INFO:    Environment variable SINGULARITYENV_NXF_TASK_WORKDIR is set, but APPTAINERENV_NXF_TASK_WORKDIR is preferred
  WARNING: Skipping mount /var/apptainer/mnt/session/etc/resolv.conf [files]: /etc/resolv.conf doesn't exist in container
  Traceback (most recent call last):
    File "/usr/local/bin/hisat2_read_statistics.py", line 210, in <module>
      reads_stat(args.read_file, args.read_count)
    File "/usr/local/bin/hisat2_read_statistics.py", line 168, in reads_stat
      for id, seq in fstream:
    File "/usr/local/bin/hisat2_read_statistics.py", line 44, in parser_FQ
      if line[0] == '@':
  IndexError: index out of range
  (ERR): mkfifo(/tmp/16.unp) failed.
  Exiting now ...

Work dir:
  /home/moradiya.u/rnaseq-nextflow-pipeline/work/7f/6c1bec06a88b0914804aa17e349959

Container:
  /home/moradiya.u/rnaseq-nextflow-pipeline/work/singularity/quay.io-biocontainers-mulled-v2-a97e90b3b802d1da3d6958e0867610c718cb5eb1-2880dd9d8ad0a7b221d4eacda9a818e92983128d-0.img

Tip: view the complete command output by changing to the process work dir and entering the command `cat .command.out`

 -- Check '.nextflow.log' file for details

executor >  slurm (17)
[69/393498] FASTQC_RAW (CTRL_1)     | 4 of 4 ✔
[b4/f94c7c] FASTP (PD_2)            | 4 of 4 ✔
[a9/4cfa84] FASTQC_TRIMMED (CTRL_2) | 4 of 4 ✔
[b2/1ba417] HISAT2 (PD_2)           | 0 of 4
[-        ] FEATURECOUNTS           -
[5d/1d78c5] MULTIQC                 | 0 of 1
WARN: Killing running tasks (3)
ERROR ~ Error executing process > 'HISAT2 (CTRL_1)'

Caused by:
  Process `HISAT2 (CTRL_1)` terminated with an error exit status (17)


Command executed:

  hisat2 -x grch38/genome            -U CTRL_1.trimmed.fastq.gz            --threads 4            --dta            -S CTRL_1.sam
  
  samtools sort -o CTRL_1.bam CTRL_1.sam
  samtools index CTRL_1.bam

Command exit status:
  17

Command output:
  (empty)

Command error:
  INFO:    Environment variable SINGULARITYENV_TMPDIR is set, but APPTAINERENV_TMPDIR is preferred
  INFO:    Environment variable SINGULARITYENV_NXF_TASK_WORKDIR is set, but APPTAINERENV_NXF_TASK_WORKDIR is preferred
  WARNING: Skipping mount /var/apptainer/mnt/session/etc/resolv.conf [files]: /etc/resolv.conf doesn't exist in container
  Traceback (most recent call last):
    File "/usr/local/bin/hisat2_read_statistics.py", line 210, in <module>
      reads_stat(args.read_file, args.read_count)
    File "/usr/local/bin/hisat2_read_statistics.py", line 168, in reads_stat
      for id, seq in fstream:
    File "/usr/local/bin/hisat2_read_statistics.py", line 44, in parser_FQ
      if line[0] == '@':
  IndexError: index out of range
  (ERR): mkfifo(/tmp/16.unp) failed.
  Exiting now ...

Work dir:
  /home/moradiya.u/rnaseq-nextflow-pipeline/work/7f/6c1bec06a88b0914804aa17e349959

Container:
  /home/moradiya.u/rnaseq-nextflow-pipeline/work/singularity/quay.io-biocontainers-mulled-v2-a97e90b3b802d1da3d6958e0867610c718cb5eb1-2880dd9d8ad0a7b221d4eacda9a818e92983128d-0.img

Tip: view the complete command output by changing to the process work dir and entering the command `cat .command.out`

 -- Check '.nextflow.log' file for details

