
 N E X T F L O W   ~  version 25.10.4

Launching `main.nf` [hungry_einstein] DSL2 - revision: 25c6d9d8f8

[-        ] FASTQC_RAW -

[-        ] FASTQC_RAW     -
[-        ] FASTP          -
[-        ] FASTQC_TRIMMED -
[-        ] HISAT2         -
[-        ] FEATURECOUNTS  -
[-        ] MULTIQC        -

[03/34a34a] FASTQC_RAW (PD_1)     | 2 of 2, cached: 2
[75/5f4842] FASTP (PD_1)          | 2 of 2, cached: 2
[ec/4e485f] FASTQC_TRIMMED (PD_2) | 1 of 1, cached: 1
[48/c07683] HISAT2 (PD_1)         | 1 of 1, cached: 1
[-        ] FEATURECOUNTS         -
[-        ] MULTIQC               -

[b4/5018fb] FASTQC_RAW (CTRL_2)     | 4 of 4, cached: 4 ✔
[76/424717] FASTP (CTRL_2)          | 4 of 4, cached: 4 ✔
[e8/e2a26e] FASTQC_TRIMMED (CTRL_2) | 4 of 4, cached: 4
[c0/116509] HISAT2 (CTRL_2)         | 3 of 3, cached: 3
[-        ] FEATURECOUNTS           | 0 of 2
[-        ] MULTIQC                 -

[b4/5018fb] FASTQC_RAW (CTRL_2)     | 4 of 4, cached: 4 ✔
[76/424717] FASTP (CTRL_2)          | 4 of 4, cached: 4 ✔
[e8/e2a26e] FASTQC_TRIMMED (CTRL_2) | 4 of 4, cached: 4 ✔
[b9/3080fd] HISAT2 (CTRL_1)         | 4 of 4, cached: 4 ✔
[-        ] FEATURECOUNTS           | 0 of 4
[8a/e4eef0] MULTIQC                 | 1 of 1, cached: 1 ✔

executor >  slurm (1)
[b4/5018fb] FASTQC_RAW (CTRL_2)     | 4 of 4, cached: 4 ✔
[76/424717] FASTP (CTRL_2)          | 4 of 4, cached: 4 ✔
[e8/e2a26e] FASTQC_TRIMMED (CTRL_2) | 4 of 4, cached: 4 ✔
[b9/3080fd] HISAT2 (CTRL_1)         | 4 of 4, cached: 4 ✔
[24/9b82ff] FEATURECOUNTS (PD_1)    | 0 of 4
[8a/e4eef0] MULTIQC                 | 1 of 1, cached: 1 ✔

executor >  slurm (3)
[b4/5018fb] FASTQC_RAW (CTRL_2)     | 4 of 4, cached: 4 ✔
[76/424717] FASTP (CTRL_2)          | 4 of 4, cached: 4 ✔
[e8/e2a26e] FASTQC_TRIMMED (CTRL_2) | 4 of 4, cached: 4 ✔
[b9/3080fd] HISAT2 (CTRL_1)         | 4 of 4, cached: 4 ✔
[1f/e7c75d] FEATURECOUNTS (CTRL_2)  | 0 of 4
[8a/e4eef0] MULTIQC                 | 1 of 1, cached: 1 ✔

executor >  slurm (4)
[b4/5018fb] FASTQC_RAW (CTRL_2)     | 4 of 4, cached: 4 ✔
[76/424717] FASTP (CTRL_2)          | 4 of 4, cached: 4 ✔
[e8/e2a26e] FASTQC_TRIMMED (CTRL_2) | 4 of 4, cached: 4 ✔
[b9/3080fd] HISAT2 (CTRL_1)         | 4 of 4, cached: 4 ✔
[69/8fe59d] FEATURECOUNTS (CTRL_1)  | 0 of 4
[8a/e4eef0] MULTIQC                 | 1 of 1, cached: 1 ✔

executor >  slurm (4)
[b4/5018fb] FASTQC_RAW (CTRL_2)     | 4 of 4, cached: 4 ✔
[76/424717] FASTP (CTRL_2)          | 4 of 4, cached: 4 ✔
[e8/e2a26e] FASTQC_TRIMMED (CTRL_2) | 4 of 4, cached: 4 ✔
[b9/3080fd] HISAT2 (CTRL_1)         | 4 of 4, cached: 4 ✔
[69/8fe59d] FEATURECOUNTS (CTRL_1)  | 0 of 4
[8a/e4eef0] MULTIQC                 | 1 of 1, cached: 1 ✔

executor >  slurm (4)
[b4/5018fb] FASTQC_RAW (CTRL_2)     | 4 of 4, cached: 4 ✔
[76/424717] FASTP (CTRL_2)          | 4 of 4, cached: 4 ✔
[e8/e2a26e] FASTQC_TRIMMED (CTRL_2) | 4 of 4, cached: 4 ✔
[b9/3080fd] HISAT2 (CTRL_1)         | 4 of 4, cached: 4 ✔
[69/8fe59d] FEATURECOUNTS (CTRL_1)  | 0 of 4
[8a/e4eef0] MULTIQC                 | 1 of 1, cached: 1 ✔

executor >  slurm (4)
[b4/5018fb] FASTQC_RAW (CTRL_2)     | 4 of 4, cached: 4 ✔
[76/424717] FASTP (CTRL_2)          | 4 of 4, cached: 4 ✔
[e8/e2a26e] FASTQC_TRIMMED (CTRL_2) | 4 of 4, cached: 4 ✔
[b9/3080fd] HISAT2 (CTRL_1)         | 4 of 4, cached: 4 ✔
[1f/e7c75d] FEATURECOUNTS (CTRL_2)  | 3 of 4
[8a/e4eef0] MULTIQC                 | 1 of 1, cached: 1 ✔

executor >  slurm (4)
[b4/5018fb] FASTQC_RAW (CTRL_2)     | 4 of 4, cached: 4 ✔
[76/424717] FASTP (CTRL_2)          | 4 of 4, cached: 4 ✔
[e8/e2a26e] FASTQC_TRIMMED (CTRL_2) | 4 of 4, cached: 4 ✔
[b9/3080fd] HISAT2 (CTRL_1)         | 4 of 4, cached: 4 ✔
[69/8fe59d] FEATURECOUNTS (CTRL_1)  | 4 of 4 ✔
[8a/e4eef0] MULTIQC                 | 1 of 1, cached: 1 ✔

executor >  slurm (4)
[b4/5018fb] FASTQC_RAW (CTRL_2)     | 4 of 4, cached: 4 ✔
[76/424717] FASTP (CTRL_2)          | 4 of 4, cached: 4 ✔
[e8/e2a26e] FASTQC_TRIMMED (CTRL_2) | 4 of 4, cached: 4 ✔
[b9/3080fd] HISAT2 (CTRL_1)         | 4 of 4, cached: 4 ✔
[69/8fe59d] FEATURECOUNTS (CTRL_1)  | 4 of 4 ✔
[8a/e4eef0] MULTIQC                 | 1 of 1, cached: 1 ✔
Completed at: 25-Apr-2026 22:27:15
Duration    : 2m 22s
CPU hours   : 2.1 (89.9% cached)
Succeeded   : 4
Cached      : 17


