[33mNextflow 26.04.0 is available - Please consider updating your version to it(B[m

 N E X T F L O W   ~  version 25.10.4

Launching `main.nf` [elated_legentil] DSL2 - revision: da20d073be

[-        ] FASTQC_RAW     -
[-        ] FASTP          -
[-        ] FASTQC_TRIMMED -
[-        ] HISAT2         -
[-        ] FEATURECOUNTS  -
[-        ] MULTIQC        -

[-        ] FASTQC_RAW     | 0 of 2
[-        ] FASTP          | 0 of 2
[-        ] FASTQC_TRIMMED -
[-        ] HISAT2         -
[-        ] FEATURECOUNTS  -
[-        ] MULTIQC        -

executor >  slurm (1)
[f2/ed5c00] FASTQC_RAW (PD_1) | 0 of 2
[-        ] FASTP             | 0 of 2
[-        ] FASTQC_TRIMMED    -
[-        ] HISAT2            -
[-        ] FEATURECOUNTS     -
[-        ] MULTIQC           -

executor >  slurm (2)
[f2/ed5c00] FASTQC_RAW (PD_1) | 0 of 2
[c0/d2c17b] FASTP (PD_1)      | 0 of 2
[-        ] FASTQC_TRIMMED    -
[-        ] HISAT2            -
[-        ] FEATURECOUNTS     -
[-        ] MULTIQC           -

executor >  slurm (3)
[f2/ed5c00] FASTQC_RAW (PD_1) | 0 of 2
[a3/aa5e33] FASTP (CTRL_1)    | 0 of 2
[-        ] FASTQC_TRIMMED    -
[-        ] HISAT2            -
[-        ] FEATURECOUNTS     -
[-        ] MULTIQC           -

executor >  slurm (4)
[12/8a0a0c] FASTQC_RAW (CTRL_1) | 0 of 2
[a3/aa5e33] FASTP (CTRL_1)      | 0 of 2
[-        ] FASTQC_TRIMMED      -
[-        ] HISAT2              -
[-        ] FEATURECOUNTS       -
[-        ] MULTIQC             -

executor >  slurm (4)
[12/8a0a0c] FASTQC_RAW (CTRL_1) | 0 of 2
[a3/aa5e33] FASTP (CTRL_1)      | 0 of 2
[-        ] FASTQC_TRIMMED      | 0 of 1
[-        ] HISAT2              | 0 of 1
[-        ] FEATURECOUNTS       -
[-        ] MULTIQC             -

executor >  slurm (4)
[f2/ed5c00] FASTQC_RAW (PD_1)   | 2 of 2 ✔
[c0/d2c17b] FASTP (PD_1)        | 2 of 2 ✔
[-        ] FASTQC_TRIMMED      | 0 of 2
[-        ] HISAT2              | 0 of 2
[-        ] FEATURECOUNTS       -
[-        ] MULTIQC             -

executor >  slurm (5)
[f2/ed5c00] FASTQC_RAW (PD_1)   | 2 of 2 ✔
[c0/d2c17b] FASTP (PD_1)        | 2 of 2 ✔
[-        ] FASTQC_TRIMMED      | 0 of 2
[70/648d04] HISAT2 (PD_1)       | 0 of 2
[-        ] FEATURECOUNTS       -
[-        ] MULTIQC             -

executor >  slurm (6)
[f2/ed5c00] FASTQC_RAW (PD_1)     | 2 of 2 ✔
[c0/d2c17b] FASTP (PD_1)          | 2 of 2 ✔
[d0/9365e5] FASTQC_TRIMMED (PD_1) | 0 of 2
[70/648d04] HISAT2 (PD_1)         | 0 of 2
[-        ] FEATURECOUNTS         -
[-        ] MULTIQC               -

executor >  slurm (7)
[f2/ed5c00] FASTQC_RAW (PD_1)       | 2 of 2 ✔
[c0/d2c17b] FASTP (PD_1)            | 2 of 2 ✔
[fc/9cf2a6] FASTQC_TRIMMED (CTRL_1) | 0 of 2
[70/648d04] HISAT2 (PD_1)           | 0 of 2
[-        ] FEATURECOUNTS           -
[-        ] MULTIQC                 -

executor >  slurm (8)
[f2/ed5c00] FASTQC_RAW (PD_1)       | 2 of 2 ✔
[c0/d2c17b] FASTP (PD_1)            | 2 of 2 ✔
[fc/9cf2a6] FASTQC_TRIMMED (CTRL_1) | 0 of 2
[07/7a94e8] HISAT2 (CTRL_1)         | 0 of 2
[-        ] FEATURECOUNTS           -
[-        ] MULTIQC                 -

executor >  slurm (8)
[f2/ed5c00] FASTQC_RAW (PD_1)       | 2 of 2 ✔
[c0/d2c17b] FASTP (PD_1)            | 2 of 2 ✔
[fc/9cf2a6] FASTQC_TRIMMED (CTRL_1) | 0 of 2
[07/7a94e8] HISAT2 (CTRL_1)         | 0 of 2
[-        ] FEATURECOUNTS           -
[-        ] MULTIQC                 -

executor >  slurm (9)
[f2/ed5c00] FASTQC_RAW (PD_1)       | 2 of 2 ✔
[c0/d2c17b] FASTP (PD_1)            | 2 of 2 ✔
[fc/9cf2a6] FASTQC_TRIMMED (CTRL_1) | 2 of 2 ✔
[07/7a94e8] HISAT2 (CTRL_1)         | 2 of 2 ✔
[a6/babfd9] FEATURECOUNTS (PD_1)    | 0 of 2
[-        ] MULTIQC                 | 0 of 1

executor >  slurm (11)
[f2/ed5c00] FASTQC_RAW (PD_1)       | 2 of 2 ✔
[c0/d2c17b] FASTP (PD_1)            | 2 of 2 ✔
[fc/9cf2a6] FASTQC_TRIMMED (CTRL_1) | 2 of 2 ✔
[07/7a94e8] HISAT2 (CTRL_1)         | 2 of 2 ✔
[85/cb4753] FEATURECOUNTS (CTRL_1)  | 0 of 2
[c9/a0f781] MULTIQC                 | 0 of 1

executor >  slurm (11)
[f2/ed5c00] FASTQC_RAW (PD_1)       | 2 of 2 ✔
[c0/d2c17b] FASTP (PD_1)            | 2 of 2 ✔
[fc/9cf2a6] FASTQC_TRIMMED (CTRL_1) | 2 of 2 ✔
[07/7a94e8] HISAT2 (CTRL_1)         | 2 of 2 ✔
[85/cb4753] FEATURECOUNTS (CTRL_1)  | 2 of 2 ✔
[c9/a0f781] MULTIQC                 | 1 of 1 ✔

executor >  slurm (11)
[f2/ed5c00] FASTQC_RAW (PD_1)       | 2 of 2 ✔
[c0/d2c17b] FASTP (PD_1)            | 2 of 2 ✔
[fc/9cf2a6] FASTQC_TRIMMED (CTRL_1) | 2 of 2 ✔
[07/7a94e8] HISAT2 (CTRL_1)         | 2 of 2 ✔
[85/cb4753] FEATURECOUNTS (CTRL_1)  | 2 of 2 ✔
[c9/a0f781] MULTIQC                 | 1 of 1 ✔
Completed at: 01-May-2026 11:56:25
Duration    : 3m 17s
CPU hours   : (a few seconds)
Succeeded   : 11


